[debug] ----------------------------------------------------------------------
[debug] Command:      node /usr/local/bin/firebase deploy
[debug] Platform:     darwin
[debug] Node Version: v0.12.7
[debug] Time:         Thu Feb 04 2016 00:31:48 GMT-0600 (CST)
[debug] ----------------------------------------------------------------------
[debug] 
[debug] >>> HTTP REQUEST GET https://admin.firebase.com/firebase/interloop-site2/token?token=XXX 
[debug] <<< HTTP RESPONSE 200
[debug] >>> HTTP REQUEST GET https://admin.firebase.com/firebase/interloop-site2/token?token=XXX 
[debug] <<< HTTP RESPONSE 200
[info] 
[info] === Deploying to 'interloop-site2'...
[info] 
[info] i  deploying 
[debug] >>> HTTP REQUEST POST https://deploy.firebase.com/firebase/interloop-site2/releases?token=XXX
[debug] TypeError: Cannot read property 'error' of undefined
    at Request._callback (/usr/local/lib/node_modules/firebase-tools/lib/api.js:31:22)
    at Request.self.callback (/usr/local/lib/node_modules/firebase-tools/node_modules/request/request.js:199:22)
    at Request.emit (events.js:110:17)
    at Request.<anonymous> (/usr/local/lib/node_modules/firebase-tools/node_modules/request/request.js:1036:10)
    at Request.emit (events.js:129:20)
    at IncomingMessage.<anonymous> (/usr/local/lib/node_modules/firebase-tools/node_modules/request/request.js:963:12)
    at IncomingMessage.emit (events.js:129:20)
    at _stream_readable.js:908:16
    at process._tickCallback (node.js:355:11)
[error] 
[error] Error: An unexpected error has occurred.
